Determining if the pthread_create exist failed with the following output:
Change Dir: /home/nizq/Downloads/computer graphic/pbrt-v3/build/CMakeFiles/CMakeTmp

Run Build Command:"/usr/bin/make" "cmTC_92aa5/fast"
/usr/bin/make -f CMakeFiles/cmTC_92aa5.dir/build.make CMakeFiles/cmTC_92aa5.dir/build
make[1]: Entering directory '/home/nizq/Downloads/computer graphic/pbrt-v3/build/CMakeFiles/CMakeTmp'
Building C object CMakeFiles/cmTC_92aa5.dir/CheckSymbolExists.c.o
/usr/bin/cc    -o CMakeFiles/cmTC_92aa5.dir/CheckSymbolExists.c.o   -c "/home/nizq/Downloads/computer graphic/pbrt-v3/build/CMakeFiles/CMakeTmp/CheckSymbolExists.c"
Linking C executable cmTC_92aa5
/usr/local/bin/cmake -E cmake_link_script CMakeFiles/cmTC_92aa5.dir/link.txt --verbose=1
/usr/bin/cc      -rdynamic CMakeFiles/cmTC_92aa5.dir/CheckSymbolExists.c.o  -o cmTC_92aa5 
CMakeFiles/cmTC_92aa5.dir/CheckSymbolExists.c.o: In function `main':
CheckSymbolExists.c:(.text+0x1b): undefined reference to `pthread_create'
collect2: error: ld returned 1 exit status
CMakeFiles/cmTC_92aa5.dir/build.make:86: recipe for target 'cmTC_92aa5' failed
make[1]: *** [cmTC_92aa5] Error 1
make[1]: Leaving directory '/home/nizq/Downloads/computer graphic/pbrt-v3/build/CMakeFiles/CMakeTmp'
Makefile:121: recipe for target 'cmTC_92aa5/fast' failed
make: *** [cmTC_92aa5/fast] Error 2

File /home/nizq/Downloads/computer graphic/pbrt-v3/build/CMakeFiles/CMakeTmp/CheckSymbolExists.c:
/* */
#include <pthread.h>

int main(int argc, char** argv)
{
  (void)argv;
#ifndef pthread_create
  return ((int*)(&pthread_create))[argc];
#else
  (void)argc;
  return 0;
#endif
}

Determining if the function pthread_create exists in the pthreads failed with the following output:
Change Dir: /home/nizq/Downloads/computer graphic/pbrt-v3/build/CMakeFiles/CMakeTmp

Run Build Command:"/usr/bin/make" "cmTC_0c290/fast"
/usr/bin/make -f CMakeFiles/cmTC_0c290.dir/build.make CMakeFiles/cmTC_0c290.dir/build
make[1]: Entering directory '/home/nizq/Downloads/computer graphic/pbrt-v3/build/CMakeFiles/CMakeTmp'
Building C object CMakeFiles/cmTC_0c290.dir/CheckFunctionExists.c.o
/usr/bin/cc   -DCHECK_FUNCTION_EXISTS=pthread_create   -o CMakeFiles/cmTC_0c290.dir/CheckFunctionExists.c.o   -c /usr/local/share/cmake-3.12/Modules/CheckFunctionExists.c
Linking C executable cmTC_0c290
/usr/local/bin/cmake -E cmake_link_script CMakeFiles/cmTC_0c290.dir/link.txt --verbose=1
/usr/bin/cc  -DCHECK_FUNCTION_EXISTS=pthread_create    -rdynamic CMakeFiles/cmTC_0c290.dir/CheckFunctionExists.c.o  -o cmTC_0c290 -lpthreads 
/usr/bin/ld: cannot find -lpthreads
collect2: error: ld returned 1 exit status
CMakeFiles/cmTC_0c290.dir/build.make:86: recipe for target 'cmTC_0c290' failed
make[1]: *** [cmTC_0c290] Error 1
make[1]: Leaving directory '/home/nizq/Downloads/computer graphic/pbrt-v3/build/CMakeFiles/CMakeTmp'
Makefile:121: recipe for target 'cmTC_0c290/fast' failed
make: *** [cmTC_0c290/fast] Error 2


Performing C++ SOURCE FILE Test HAVE_DECLSPEC_NOINLINE failed with the following output:
Change Dir: /home/nizq/Downloads/computer graphic/pbrt-v3/build/CMakeFiles/CMakeTmp

Run Build Command:"/usr/bin/make" "cmTC_26b50/fast"
/usr/bin/make -f CMakeFiles/cmTC_26b50.dir/build.make CMakeFiles/cmTC_26b50.dir/build
make[1]: Entering directory '/home/nizq/Downloads/computer graphic/pbrt-v3/build/CMakeFiles/CMakeTmp'
Building CXX object CMakeFiles/cmTC_26b50.dir/src.cxx.o
/usr/bin/c++    -std=gnu++11 -Wno-conversion-null -DHAVE_DECLSPEC_NOINLINE   -o CMakeFiles/cmTC_26b50.dir/src.cxx.o -c "/home/nizq/Downloads/computer graphic/pbrt-v3/build/CMakeFiles/CMakeTmp/src.cxx"
/home/nizq/Downloads/computer graphic/pbrt-v3/build/CMakeFiles/CMakeTmp/src.cxx:1:11: error: expected constructor, destructor, or type conversion before ‘(’ token
 __declspec(noinline) void foo() { }
           ^
CMakeFiles/cmTC_26b50.dir/build.make:65: recipe for target 'CMakeFiles/cmTC_26b50.dir/src.cxx.o' failed
make[1]: *** [CMakeFiles/cmTC_26b50.dir/src.cxx.o] Error 1
make[1]: Leaving directory '/home/nizq/Downloads/computer graphic/pbrt-v3/build/CMakeFiles/CMakeTmp'
Makefile:121: recipe for target 'cmTC_26b50/fast' failed
make: *** [cmTC_26b50/fast] Error 2

Source file was:
__declspec(noinline) void foo() { }
int main() { }
Performing C++ SOURCE FILE Test HAVE__ALIGNED_MALLOC failed with the following output:
Change Dir: /home/nizq/Downloads/computer graphic/pbrt-v3/build/CMakeFiles/CMakeTmp

Run Build Command:"/usr/bin/make" "cmTC_eddf0/fast"
/usr/bin/make -f CMakeFiles/cmTC_eddf0.dir/build.make CMakeFiles/cmTC_eddf0.dir/build
make[1]: Entering directory '/home/nizq/Downloads/computer graphic/pbrt-v3/build/CMakeFiles/CMakeTmp'
Building CXX object CMakeFiles/cmTC_eddf0.dir/src.cxx.o
/usr/bin/c++    -std=gnu++11 -Wno-conversion-null -DHAVE__ALIGNED_MALLOC   -o CMakeFiles/cmTC_eddf0.dir/src.cxx.o -c "/home/nizq/Downloads/computer graphic/pbrt-v3/build/CMakeFiles/CMakeTmp/src.cxx"
/home/nizq/Downloads/computer graphic/pbrt-v3/build/CMakeFiles/CMakeTmp/src.cxx: In function ‘int main()’:
/home/nizq/Downloads/computer graphic/pbrt-v3/build/CMakeFiles/CMakeTmp/src.cxx:3:27: error: ‘_aligned_malloc’ was not declared in this scope
 int main() { void * ptr = _aligned_malloc(1024, 32); }
                           ^~~~~~~~~~~~~~~
/home/nizq/Downloads/computer graphic/pbrt-v3/build/CMakeFiles/CMakeTmp/src.cxx:3:27: note: suggested alternative: ‘__builtin_malloc’
 int main() { void * ptr = _aligned_malloc(1024, 32); }
                           ^~~~~~~~~~~~~~~
                           __builtin_malloc
CMakeFiles/cmTC_eddf0.dir/build.make:65: recipe for target 'CMakeFiles/cmTC_eddf0.dir/src.cxx.o' failed
make[1]: *** [CMakeFiles/cmTC_eddf0.dir/src.cxx.o] Error 1
make[1]: Leaving directory '/home/nizq/Downloads/computer graphic/pbrt-v3/build/CMakeFiles/CMakeTmp'
Makefile:121: recipe for target 'cmTC_eddf0/fast' failed
make: *** [cmTC_eddf0/fast] Error 2

Source file was:

#include <malloc.h>
int main() { void * ptr = _aligned_malloc(1024, 32); }

Performing C++ SOURCE FILE Test HAVE_DECLSPEC_THREAD failed with the following output:
Change Dir: /home/nizq/Downloads/computer graphic/pbrt-v3/build/CMakeFiles/CMakeTmp

Run Build Command:"/usr/bin/make" "cmTC_cdf79/fast"
/usr/bin/make -f CMakeFiles/cmTC_cdf79.dir/build.make CMakeFiles/cmTC_cdf79.dir/build
make[1]: Entering directory '/home/nizq/Downloads/computer graphic/pbrt-v3/build/CMakeFiles/CMakeTmp'
Building CXX object CMakeFiles/cmTC_cdf79.dir/src.cxx.o
/usr/bin/c++    -std=gnu++11 -Wno-conversion-null -DHAVE_DECLSPEC_THREAD   -o CMakeFiles/cmTC_cdf79.dir/src.cxx.o -c "/home/nizq/Downloads/computer graphic/pbrt-v3/build/CMakeFiles/CMakeTmp/src.cxx"
/home/nizq/Downloads/computer graphic/pbrt-v3/build/CMakeFiles/CMakeTmp/src.cxx:2:11: error: expected constructor, destructor, or type conversion before ‘(’ token
 __declspec(thread) int x; int main() { }
           ^
CMakeFiles/cmTC_cdf79.dir/build.make:65: recipe for target 'CMakeFiles/cmTC_cdf79.dir/src.cxx.o' failed
make[1]: *** [CMakeFiles/cmTC_cdf79.dir/src.cxx.o] Error 1
make[1]: Leaving directory '/home/nizq/Downloads/computer graphic/pbrt-v3/build/CMakeFiles/CMakeTmp'
Makefile:121: recipe for target 'cmTC_cdf79/fast' failed
make: *** [cmTC_cdf79/fast] Error 2

Source file was:

__declspec(thread) int x; int main() { }

Determining if the include file libunwind.h exists failed with the following output:
Change Dir: /home/nizq/Downloads/computer graphic/pbrt-v3/build/CMakeFiles/CMakeTmp

Run Build Command:"/usr/bin/make" "cmTC_535cd/fast"
/usr/bin/make -f CMakeFiles/cmTC_535cd.dir/build.make CMakeFiles/cmTC_535cd.dir/build
make[1]: Entering directory '/home/nizq/Downloads/computer graphic/pbrt-v3/build/CMakeFiles/CMakeTmp'
Building C object CMakeFiles/cmTC_535cd.dir/CheckIncludeFile.c.o
/usr/bin/cc    -o CMakeFiles/cmTC_535cd.dir/CheckIncludeFile.c.o   -c "/home/nizq/Downloads/computer graphic/pbrt-v3/build/CMakeFiles/CMakeTmp/CheckIncludeFile.c"
/home/nizq/Downloads/computer graphic/pbrt-v3/build/CMakeFiles/CMakeTmp/CheckIncludeFile.c:1:10: fatal error: libunwind.h: No such file or directory
 #include <libunwind.h>
          ^~~~~~~~~~~~~
compilation terminated.
CMakeFiles/cmTC_535cd.dir/build.make:65: recipe for target 'CMakeFiles/cmTC_535cd.dir/CheckIncludeFile.c.o' failed
make[1]: *** [CMakeFiles/cmTC_535cd.dir/CheckIncludeFile.c.o] Error 1
make[1]: Leaving directory '/home/nizq/Downloads/computer graphic/pbrt-v3/build/CMakeFiles/CMakeTmp'
Makefile:121: recipe for target 'cmTC_535cd/fast' failed
make: *** [cmTC_535cd/fast] Error 2


Determining size of unsigned __int16 failed with the following output:
Change Dir: /home/nizq/Downloads/computer graphic/pbrt-v3/build/CMakeFiles/CMakeTmp

Run Build Command:"/usr/bin/make" "cmTC_e144a/fast"
/usr/bin/make -f CMakeFiles/cmTC_e144a.dir/build.make CMakeFiles/cmTC_e144a.dir/build
make[1]: Entering directory '/home/nizq/Downloads/computer graphic/pbrt-v3/build/CMakeFiles/CMakeTmp'
Building C object CMakeFiles/cmTC_e144a.dir/HAVE___UINT16.c.o
/usr/bin/cc    -o CMakeFiles/cmTC_e144a.dir/HAVE___UINT16.c.o   -c "/home/nizq/Downloads/computer graphic/pbrt-v3/build/CMakeFiles/CheckTypeSize/HAVE___UINT16.c"
/home/nizq/Downloads/computer graphic/pbrt-v3/build/CMakeFiles/CheckTypeSize/HAVE___UINT16.c:23:31: error: expected ‘)’ before ‘__int16’
 #define SIZE (sizeof(unsigned __int16))
                               ^
/home/nizq/Downloads/computer graphic/pbrt-v3/build/CMakeFiles/CheckTypeSize/HAVE___UINT16.c:25:12: note: in expansion of macro ‘SIZE’
   ('0' + ((SIZE / 10000)%10)),
            ^~~~
/home/nizq/Downloads/computer graphic/pbrt-v3/build/CMakeFiles/CheckTypeSize/HAVE___UINT16.c:23:31: error: expected ‘)’ before ‘__int16’
 #define SIZE (sizeof(unsigned __int16))
                               ^
/home/nizq/Downloads/computer graphic/pbrt-v3/build/CMakeFiles/CheckTypeSize/HAVE___UINT16.c:26:12: note: in expansion of macro ‘SIZE’
   ('0' + ((SIZE / 1000)%10)),
            ^~~~
/home/nizq/Downloads/computer graphic/pbrt-v3/build/CMakeFiles/CheckTypeSize/HAVE___UINT16.c:23:31: error: expected ‘)’ before ‘__int16’
 #define SIZE (sizeof(unsigned __int16))
                               ^
/home/nizq/Downloads/computer graphic/pbrt-v3/build/CMakeFiles/CheckTypeSize/HAVE___UINT16.c:27:12: note: in expansion of macro ‘SIZE’
   ('0' + ((SIZE / 100)%10)),
            ^~~~
/home/nizq/Downloads/computer graphic/pbrt-v3/build/CMakeFiles/CheckTypeSize/HAVE___UINT16.c:23:31: error: expected ‘)’ before ‘__int16’
 #define SIZE (sizeof(unsigned __int16))
                               ^
/home/nizq/Downloads/computer graphic/pbrt-v3/build/CMakeFiles/CheckTypeSize/HAVE___UINT16.c:28:12: note: in expansion of macro ‘SIZE’
   ('0' + ((SIZE / 10)%10)),
            ^~~~
/home/nizq/Downloads/computer graphic/pbrt-v3/build/CMakeFiles/CheckTypeSize/HAVE___UINT16.c:23:31: error: expected ‘)’ before ‘__int16’
 #define SIZE (sizeof(unsigned __int16))
                               ^
/home/nizq/Downloads/computer graphic/pbrt-v3/build/CMakeFiles/CheckTypeSize/HAVE___UINT16.c:29:12: note: in expansion of macro ‘SIZE’
   ('0' +  (SIZE    % 10)),
            ^~~~
CMakeFiles/cmTC_e144a.dir/build.make:65: recipe for target 'CMakeFiles/cmTC_e144a.dir/HAVE___UINT16.c.o' failed
make[1]: *** [CMakeFiles/cmTC_e144a.dir/HAVE___UINT16.c.o] Error 1
make[1]: Leaving directory '/home/nizq/Downloads/computer graphic/pbrt-v3/build/CMakeFiles/CMakeTmp'
Makefile:121: recipe for target 'cmTC_e144a/fast' failed
make: *** [cmTC_e144a/fast] Error 2

/home/nizq/Downloads/computer graphic/pbrt-v3/build/CMakeFiles/CheckTypeSize/HAVE___UINT16.c:
#include <sys/types.h>
#include <stdint.h>
#include <stddef.h>


#undef KEY
#if defined(__i386)
# define KEY '_','_','i','3','8','6'
#elif defined(__x86_64)
# define KEY '_','_','x','8','6','_','6','4'
#elif defined(__ppc__)
# define KEY '_','_','p','p','c','_','_'
#elif defined(__ppc64__)
# define KEY '_','_','p','p','c','6','4','_','_'
#elif defined(__aarch64__)
# define KEY '_','_','a','a','r','c','h','6','4','_','_'
#elif defined(__ARM_ARCH_7A__)
# define KEY '_','_','A','R','M','_','A','R','C','H','_','7','A','_','_'
#elif defined(__ARM_ARCH_7S__)
# define KEY '_','_','A','R','M','_','A','R','C','H','_','7','S','_','_'
#endif

#define SIZE (sizeof(unsigned __int16))
char info_size[] =  {'I', 'N', 'F', 'O', ':', 's','i','z','e','[',
  ('0' + ((SIZE / 10000)%10)),
  ('0' + ((SIZE / 1000)%10)),
  ('0' + ((SIZE / 100)%10)),
  ('0' + ((SIZE / 10)%10)),
  ('0' +  (SIZE    % 10)),
  ']',
#ifdef KEY
  ' ','k','e','y','[', KEY, ']',
#endif
  '\0'};

#ifdef __CLASSIC_C__
int main(argc, argv) int argc; char *argv[];
#else
int main(int argc, char *argv[])
#endif
{
  int require = 0;
  require += info_size[argc];
  (void)argv;
  return require;
}


Determining if the function dladdr exists failed with the following output:
Change Dir: /home/nizq/Downloads/computer graphic/pbrt-v3/build/CMakeFiles/CMakeTmp

Run Build Command:"/usr/bin/make" "cmTC_4dd69/fast"
/usr/bin/make -f CMakeFiles/cmTC_4dd69.dir/build.make CMakeFiles/cmTC_4dd69.dir/build
make[1]: Entering directory '/home/nizq/Downloads/computer graphic/pbrt-v3/build/CMakeFiles/CMakeTmp'
Building C object CMakeFiles/cmTC_4dd69.dir/CheckFunctionExists.c.o
/usr/bin/cc   -DCHECK_FUNCTION_EXISTS=dladdr   -o CMakeFiles/cmTC_4dd69.dir/CheckFunctionExists.c.o   -c /usr/local/share/cmake-3.12/Modules/CheckFunctionExists.c
Linking C executable cmTC_4dd69
/usr/local/bin/cmake -E cmake_link_script CMakeFiles/cmTC_4dd69.dir/link.txt --verbose=1
/usr/bin/cc  -DCHECK_FUNCTION_EXISTS=dladdr    -rdynamic CMakeFiles/cmTC_4dd69.dir/CheckFunctionExists.c.o  -o cmTC_4dd69 
CMakeFiles/cmTC_4dd69.dir/CheckFunctionExists.c.o: In function `main':
CheckFunctionExists.c:(.text+0x10): undefined reference to `dladdr'
collect2: error: ld returned 1 exit status
CMakeFiles/cmTC_4dd69.dir/build.make:86: recipe for target 'cmTC_4dd69' failed
make[1]: *** [cmTC_4dd69] Error 1
make[1]: Leaving directory '/home/nizq/Downloads/computer graphic/pbrt-v3/build/CMakeFiles/CMakeTmp'
Makefile:121: recipe for target 'cmTC_4dd69/fast' failed
make: *** [cmTC_4dd69/fast] Error 2


Determining if the function get_static_proc_name exists in the unwind failed with the following output:
Change Dir: /home/nizq/Downloads/computer graphic/pbrt-v3/build/CMakeFiles/CMakeTmp

Run Build Command:"/usr/bin/make" "cmTC_b326f/fast"
/usr/bin/make -f CMakeFiles/cmTC_b326f.dir/build.make CMakeFiles/cmTC_b326f.dir/build
make[1]: Entering directory '/home/nizq/Downloads/computer graphic/pbrt-v3/build/CMakeFiles/CMakeTmp'
Building C object CMakeFiles/cmTC_b326f.dir/CheckFunctionExists.c.o
/usr/bin/cc   -DCHECK_FUNCTION_EXISTS=get_static_proc_name   -o CMakeFiles/cmTC_b326f.dir/CheckFunctionExists.c.o   -c /usr/local/share/cmake-3.12/Modules/CheckFunctionExists.c
Linking C executable cmTC_b326f
/usr/local/bin/cmake -E cmake_link_script CMakeFiles/cmTC_b326f.dir/link.txt --verbose=1
/usr/bin/cc  -DCHECK_FUNCTION_EXISTS=get_static_proc_name    -rdynamic CMakeFiles/cmTC_b326f.dir/CheckFunctionExists.c.o  -o cmTC_b326f -lunwind 
/usr/bin/ld: cannot find -lunwind
collect2: error: ld returned 1 exit status
CMakeFiles/cmTC_b326f.dir/build.make:86: recipe for target 'cmTC_b326f' failed
make[1]: *** [cmTC_b326f] Error 1
make[1]: Leaving directory '/home/nizq/Downloads/computer graphic/pbrt-v3/build/CMakeFiles/CMakeTmp'
Makefile:121: recipe for target 'cmTC_b326f/fast' failed
make: *** [cmTC_b326f/fast] Error 2


Performing C SOURCE FILE Test HAVE_RWLOCK failed with the following output:
Change Dir: /home/nizq/Downloads/computer graphic/pbrt-v3/build/CMakeFiles/CMakeTmp

Run Build Command:"/usr/bin/make" "cmTC_aff9a/fast"
/usr/bin/make -f CMakeFiles/cmTC_aff9a.dir/build.make CMakeFiles/cmTC_aff9a.dir/build
make[1]: Entering directory '/home/nizq/Downloads/computer graphic/pbrt-v3/build/CMakeFiles/CMakeTmp'
Building C object CMakeFiles/cmTC_aff9a.dir/src.c.o
/usr/bin/cc   -DHAVE_RWLOCK   -o CMakeFiles/cmTC_aff9a.dir/src.c.o   -c "/home/nizq/Downloads/computer graphic/pbrt-v3/build/CMakeFiles/CMakeTmp/src.c"
Linking C executable cmTC_aff9a
/usr/local/bin/cmake -E cmake_link_script CMakeFiles/cmTC_aff9a.dir/link.txt --verbose=1
/usr/bin/cc  -DHAVE_RWLOCK    -rdynamic CMakeFiles/cmTC_aff9a.dir/src.c.o  -o cmTC_aff9a 
CMakeFiles/cmTC_aff9a.dir/src.c.o: In function `main':
src.c:(.text+0x24): undefined reference to `pthread_rwlock_init'
src.c:(.text+0x30): undefined reference to `pthread_rwlock_rdlock'
collect2: error: ld returned 1 exit status
CMakeFiles/cmTC_aff9a.dir/build.make:86: recipe for target 'cmTC_aff9a' failed
make[1]: *** [cmTC_aff9a] Error 1
make[1]: Leaving directory '/home/nizq/Downloads/computer graphic/pbrt-v3/build/CMakeFiles/CMakeTmp'
Makefile:121: recipe for target 'cmTC_aff9a/fast' failed
make: *** [cmTC_aff9a/fast] Error 2

Source file was:

#define _XOPEN_SOURCE 500
#include <pthread.h>
int main(void)
{
  pthread_rwlock_t l;
  pthread_rwlock_init(&l, NULL);
  pthread_rwlock_rdlock(&l);
  return 0;
}

Performing C SOURCE FILE Test HAVE___DECLSPEC failed with the following output:
Change Dir: /home/nizq/Downloads/computer graphic/pbrt-v3/build/CMakeFiles/CMakeTmp

Run Build Command:"/usr/bin/make" "cmTC_f7a7a/fast"
/usr/bin/make -f CMakeFiles/cmTC_f7a7a.dir/build.make CMakeFiles/cmTC_f7a7a.dir/build
make[1]: Entering directory '/home/nizq/Downloads/computer graphic/pbrt-v3/build/CMakeFiles/CMakeTmp'
Building C object CMakeFiles/cmTC_f7a7a.dir/src.c.o
/usr/bin/cc   -DHAVE___DECLSPEC   -o CMakeFiles/cmTC_f7a7a.dir/src.c.o   -c "/home/nizq/Downloads/computer graphic/pbrt-v3/build/CMakeFiles/CMakeTmp/src.c"
/home/nizq/Downloads/computer graphic/pbrt-v3/build/CMakeFiles/CMakeTmp/src.c:2:1: warning: return type defaults to ‘int’ [-Wimplicit-int]
 __declspec(selectany) int a;
 ^~~~~~~~~~
/home/nizq/Downloads/computer graphic/pbrt-v3/build/CMakeFiles/CMakeTmp/src.c: In function ‘__declspec’:
/home/nizq/Downloads/computer graphic/pbrt-v3/build/CMakeFiles/CMakeTmp/src.c:3:16: error: expected ‘=’, ‘,’, ‘;’, ‘asm’ or ‘__attribute__’ before ‘{’ token
 int main(void) { return 0; }
                ^
/home/nizq/Downloads/computer graphic/pbrt-v3/build/CMakeFiles/CMakeTmp/src.c:2:1: warning: type of ‘selectany’ defaults to ‘int’ [-Wimplicit-int]
 __declspec(selectany) int a;
 ^~~~~~~~~~
/home/nizq/Downloads/computer graphic/pbrt-v3/build/CMakeFiles/CMakeTmp/src.c:2:27: error: declaration for parameter ‘a’ but no such parameter
 __declspec(selectany) int a;
                           ^
/home/nizq/Downloads/computer graphic/pbrt-v3/build/CMakeFiles/CMakeTmp/src.c:3:16: error: expected ‘{’ at end of input
 int main(void) { return 0; }
                ^
CMakeFiles/cmTC_f7a7a.dir/build.make:65: recipe for target 'CMakeFiles/cmTC_f7a7a.dir/src.c.o' failed
make[1]: *** [CMakeFiles/cmTC_f7a7a.dir/src.c.o] Error 1
make[1]: Leaving directory '/home/nizq/Downloads/computer graphic/pbrt-v3/build/CMakeFiles/CMakeTmp'
Makefile:121: recipe for target 'cmTC_f7a7a/fast' failed
make: *** [cmTC_f7a7a/fast] Error 2

Source file was:

__declspec(selectany) int a;
int main(void) { return 0; }

Performing C++ SOURCE FILE Test STL_NO_NAMESPACE failed with the following output:
Change Dir: /home/nizq/Downloads/computer graphic/pbrt-v3/build/CMakeFiles/CMakeTmp

Run Build Command:"/usr/bin/make" "cmTC_e6e76/fast"
/usr/bin/make -f CMakeFiles/cmTC_e6e76.dir/build.make CMakeFiles/cmTC_e6e76.dir/build
make[1]: Entering directory '/home/nizq/Downloads/computer graphic/pbrt-v3/build/CMakeFiles/CMakeTmp'
Building CXX object CMakeFiles/cmTC_e6e76.dir/src.cxx.o
/usr/bin/c++    -std=gnu++11 -Wno-conversion-null -DSTL_NO_NAMESPACE   -o CMakeFiles/cmTC_e6e76.dir/src.cxx.o -c "/home/nizq/Downloads/computer graphic/pbrt-v3/build/CMakeFiles/CMakeTmp/src.cxx"
/home/nizq/Downloads/computer graphic/pbrt-v3/build/CMakeFiles/CMakeTmp/src.cxx:3:1: error: ‘vector’ does not name a type
 vector<int> t; int main() { }
 ^~~~~~
CMakeFiles/cmTC_e6e76.dir/build.make:65: recipe for target 'CMakeFiles/cmTC_e6e76.dir/src.cxx.o' failed
make[1]: *** [CMakeFiles/cmTC_e6e76.dir/src.cxx.o] Error 1
make[1]: Leaving directory '/home/nizq/Downloads/computer graphic/pbrt-v3/build/CMakeFiles/CMakeTmp'
Makefile:121: recipe for target 'cmTC_e6e76/fast' failed
make: *** [cmTC_e6e76/fast] Error 2

Source file was:

#include <vector>
vector<int> t; int main() { }

